<?xml version="1.0" encoding="UTF-8"?>
<testng-results ignored="0" total="27" passed="25" failed="2" skipped="0">
  <reporter-output>
  </reporter-output>
  <suite started-at="2025-04-11T05:31:04 ICT" name="Default suite" finished-at="2025-04-11T05:32:30 ICT" duration-ms="86298">
    <groups>
    </groups>
    <test started-at="2025-04-11T05:31:04 ICT" name="Default test" finished-at="2025-04-11T05:32:30 ICT" duration-ms="86298">
      <class name="Test.MainTest">
        <test-method is-config="true" signature="launchBrowser()[pri:0, instance:Test.MainTest@10683d9d]" started-at="2025-04-11T05:31:04 ICT" name="launchBrowser" finished-at="2025-04-11T05:31:05 ICT" duration-ms="1146" status="PASS">
          <reporter-output>
          </reporter-output>
        </test-method> <!-- launchBrowser -->
        <test-method signature="security()[pri:0, instance:Test.MainTest@10683d9d]" started-at="2025-04-11T05:31:05 ICT" name="security" finished-at="2025-04-11T05:31:11 ICT" duration-ms="6745" status="PASS">
          <reporter-output>
          </reporter-output>
        </test-method> <!-- security -->
        <test-method signature="login()[pri:1, instance:Test.MainTest@10683d9d]" started-at="2025-04-11T05:31:11 ICT" name="login" finished-at="2025-04-11T05:31:27 ICT" duration-ms="15067" status="PASS">
          <reporter-output>
          </reporter-output>
        </test-method> <!-- login -->
        <test-method signature="menuBar()[pri:2, instance:Test.MainTest@10683d9d]" started-at="2025-04-11T05:31:27 ICT" name="menuBar" finished-at="2025-04-11T05:31:28 ICT" duration-ms="1650" status="PASS">
          <reporter-output>
          </reporter-output>
        </test-method> <!-- menuBar -->
        <test-method signature="testDropListHocky()[pri:3, instance:Test.MainTest@10683d9d]" started-at="2025-04-11T05:31:28 ICT" name="testDropListHocky" finished-at="2025-04-11T05:31:34 ICT" duration-ms="5529" status="PASS">
          <reporter-output>
          </reporter-output>
        </test-method> <!-- testDropListHocky -->
        <test-method signature="selectBangBieu()[pri:4, instance:Test.MainTest@10683d9d]" started-at="2025-04-11T05:31:34 ICT" name="selectBangBieu" finished-at="2025-04-11T05:31:36 ICT" duration-ms="2149" status="PASS">
          <reporter-output>
          </reporter-output>
        </test-method> <!-- selectBangBieu -->
        <test-method signature="displayTable()[pri:5, instance:Test.MainTest@10683d9d]" started-at="2025-04-11T05:31:36 ICT" name="displayTable" finished-at="2025-04-11T05:31:37 ICT" duration-ms="906" status="PASS">
          <reporter-output>
          </reporter-output>
        </test-method> <!-- displayTable -->
        <test-method signature="homePageHrsByLesson()[pri:6, instance:Test.MainTest@10683d9d]" started-at="2025-04-11T05:31:37 ICT" name="homePageHrsByLesson" finished-at="2025-04-11T05:31:39 ICT" duration-ms="2254" status="PASS">
          <reporter-output>
          </reporter-output>
        </test-method> <!-- homePageHrsByLesson -->
        <test-method signature="menuHrsByLesson()[pri:7, instance:Test.MainTest@10683d9d]" started-at="2025-04-11T05:31:39 ICT" name="menuHrsByLesson" finished-at="2025-04-11T05:31:41 ICT" duration-ms="1528" status="PASS">
          <reporter-output>
          </reporter-output>
        </test-method> <!-- menuHrsByLesson -->
        <test-method signature="termInput()[pri:8, instance:Test.MainTest@10683d9d]" started-at="2025-04-11T05:31:41 ICT" name="termInput" finished-at="2025-04-11T05:31:42 ICT" duration-ms="1218" status="PASS">
          <reporter-output>
          </reporter-output>
        </test-method> <!-- termInput -->
        <test-method signature="termInput2()[pri:9, instance:Test.MainTest@10683d9d]" started-at="2025-04-11T05:31:42 ICT" name="termInput2" finished-at="2025-04-11T05:31:43 ICT" duration-ms="1242" status="PASS">
          <reporter-output>
          </reporter-output>
        </test-method> <!-- termInput2 -->
        <test-method signature="selectTable()[pri:10, instance:Test.MainTest@10683d9d]" started-at="2025-04-11T05:31:43 ICT" name="selectTable" finished-at="2025-04-11T05:31:47 ICT" duration-ms="4098" status="PASS">
          <reporter-output>
          </reporter-output>
        </test-method> <!-- selectTable -->
        <test-method signature="displayTableHrsByLesson()[pri:11, instance:Test.MainTest@10683d9d]" started-at="2025-04-11T05:31:47 ICT" name="displayTableHrsByLesson" finished-at="2025-04-11T05:31:48 ICT" duration-ms="490" status="PASS">
          <reporter-output>
          </reporter-output>
        </test-method> <!-- displayTableHrsByLesson -->
        <test-method signature="homePagetimeTable()[pri:12, instance:Test.MainTest@10683d9d]" started-at="2025-04-11T05:31:48 ICT" name="homePagetimeTable" finished-at="2025-04-11T05:31:50 ICT" duration-ms="2135" status="PASS">
          <reporter-output>
          </reporter-output>
        </test-method> <!-- homePagetimeTable -->
        <test-method signature="openHrsByLessonTab()[pri:13, instance:Test.MainTest@10683d9d]" started-at="2025-04-11T05:31:50 ICT" name="openHrsByLessonTab" finished-at="2025-04-11T05:31:55 ICT" duration-ms="5435" status="PASS">
          <reporter-output>
          </reporter-output>
        </test-method> <!-- openHrsByLessonTab -->
        <test-method signature="input()[pri:14, instance:Test.MainTest@10683d9d]" started-at="2025-04-11T05:31:55 ICT" name="input" finished-at="2025-04-11T05:32:01 ICT" duration-ms="5941" status="PASS">
          <reporter-output>
          </reporter-output>
        </test-method> <!-- input -->
        <test-method signature="data()[pri:15, instance:Test.MainTest@10683d9d]" started-at="2025-04-11T05:32:01 ICT" name="data" finished-at="2025-04-11T05:32:03 ICT" duration-ms="1526" status="PASS">
          <reporter-output>
          </reporter-output>
        </test-method> <!-- data -->
        <test-method signature="inputFail()[pri:16, instance:Test.MainTest@10683d9d]" started-at="2025-04-11T05:32:03 ICT" name="inputFail" finished-at="2025-04-11T05:32:08 ICT" duration-ms="5624" status="PASS">
          <reporter-output>
          </reporter-output>
        </test-method> <!-- inputFail -->
        <test-method signature="dataFail()[pri:17, instance:Test.MainTest@10683d9d]" started-at="2025-04-11T05:32:08 ICT" name="dataFail" finished-at="2025-04-11T05:32:08 ICT" duration-ms="37" status="FAIL">
          <exception class="org.openqa.selenium.NoSuchElementException">
            <message>
              <![CDATA[no such element: Unable to locate element: {"method":"css selector","selector":"table.personal-timetable"}
  (Session info: chrome=135.0.7049.42)
For documentation on this error, please visit: http://seleniumhq.org/exceptions/no_such_element.html
Build info: version: '3.5.3', revision: 'a88d25fe6b', time: '2017-08-29T12:54:15.039Z'
System info: host: 'LAPTOP-229BQBGC', ip: '192.168.2.168', os.name: 'Windows 11', os.arch: 'amd64', os.version: '10.0', java.version: '21.0.5'
Driver info: org.openqa.selenium.chrome.ChromeDriver
Capabilities [{networkConnectionEnabled=false, chrome={chromedriverVersion=135.0.7049.42 (0f351bbd2617e0f775543271f34b7d241f8ebcdc-refs/branch-heads/7049@{#1349}), userDataDir=C:\Users\PC\AppData\Local\Temp\scoped_dir20768_1250986785}, timeouts={implicit=0, pageLoad=300000, script=30000}, pageLoadStrategy=normal, unhandledPromptBehavior=dismiss and notify, strictFileInteractability=false, platform=XP, proxy=Proxy(), webauthn:extension:minPinLength=true, goog:chromeOptions={debuggerAddress=localhost:55340}, webauthn:extension:credBlob=true, webauthn:extension:prf=true, acceptInsecureCerts=false, browserVersion=135.0.7049.42, fedcm:accounts=true, browserName=chrome, javascriptEnabled=true, platformName=XP, setWindowRect=true, webauthn:extension:largeBlob=true, webauthn:virtualAuthenticators=true}]
Session ID: c329f0dca09050f73cfa45ada54786e3
*** Element info: {Using=css selector, value=table.personal-timetable}]]>
            </message>
            <full-stacktrace>
              <![CDATA[org.openqa.selenium.NoSuchElementException: no such element: Unable to locate element: {"method":"css selector","selector":"table.personal-timetable"}
  (Session info: chrome=135.0.7049.42)
For documentation on this error, please visit: http://seleniumhq.org/exceptions/no_such_element.html
Build info: version: '3.5.3', revision: 'a88d25fe6b', time: '2017-08-29T12:54:15.039Z'
System info: host: 'LAPTOP-229BQBGC', ip: '192.168.2.168', os.name: 'Windows 11', os.arch: 'amd64', os.version: '10.0', java.version: '21.0.5'
Driver info: org.openqa.selenium.chrome.ChromeDriver
Capabilities [{networkConnectionEnabled=false, chrome={chromedriverVersion=135.0.7049.42 (0f351bbd2617e0f775543271f34b7d241f8ebcdc-refs/branch-heads/7049@{#1349}), userDataDir=C:\Users\PC\AppData\Local\Temp\scoped_dir20768_1250986785}, timeouts={implicit=0, pageLoad=300000, script=30000}, pageLoadStrategy=normal, unhandledPromptBehavior=dismiss and notify, strictFileInteractability=false, platform=XP, proxy=Proxy(), webauthn:extension:minPinLength=true, goog:chromeOptions={debuggerAddress=localhost:55340}, webauthn:extension:credBlob=true, webauthn:extension:prf=true, acceptInsecureCerts=false, browserVersion=135.0.7049.42, fedcm:accounts=true, browserName=chrome, javascriptEnabled=true, platformName=XP, setWindowRect=true, webauthn:extension:largeBlob=true, webauthn:virtualAuthenticators=true}]
Session ID: c329f0dca09050f73cfa45ada54786e3
*** Element info: {Using=css selector, value=table.personal-timetable}
at java.base/jdk.internal.reflect.DirectConstructorHandleAccessor.newInstance(DirectConstructorHandleAccessor.java:62)
at java.base/java.lang.reflect.Constructor.newInstanceWithCaller(Constructor.java:502)
at java.base/java.lang.reflect.Constructor.newInstance(Constructor.java:486)
at org.openqa.selenium.remote.http.W3CHttpResponseCodec.createException(W3CHttpResponseCodec.java:185)
at org.openqa.selenium.remote.http.W3CHttpResponseCodec.decode(W3CHttpResponseCodec.java:120)
at org.openqa.selenium.remote.http.W3CHttpResponseCodec.decode(W3CHttpResponseCodec.java:49)
at org.openqa.selenium.remote.HttpCommandExecutor.execute(HttpCommandExecutor.java:164)
at org.openqa.selenium.remote.service.DriverCommandExecutor.execute(DriverCommandExecutor.java:82)
at org.openqa.selenium.remote.RemoteWebDriver.execute(RemoteWebDriver.java:646)
at org.openqa.selenium.remote.RemoteWebDriver.findElement(RemoteWebDriver.java:416)
at org.openqa.selenium.remote.RemoteWebDriver.findElementByCssSelector(RemoteWebDriver.java:510)
at org.openqa.selenium.By$ByCssSelector.findElement(By.java:430)
at org.openqa.selenium.remote.RemoteWebDriver.findElement(RemoteWebDriver.java:408)
at Function.TimeTable.displayTimeTableData(TimeTable.java:105)
at Test.MainTest.dataFail(MainTest.java:162)
at java.base/jdk.internal.reflect.DirectMethodHandleAccessor.invoke(DirectMethodHandleAccessor.java:103)
at java.base/java.lang.reflect.Method.invoke(Method.java:580)
at org.testng.internal.MethodInvocationHelper.invokeMethod(MethodInvocationHelper.java:133)
at org.testng.internal.TestInvoker.invokeMethod(TestInvoker.java:598)
at org.testng.internal.TestInvoker.invokeTestMethod(TestInvoker.java:173)
at org.testng.internal.MethodRunner.runInSequence(MethodRunner.java:46)
at org.testng.internal.TestInvoker$MethodInvocationAgent.invoke(TestInvoker.java:824)
at org.testng.internal.TestInvoker.invokeTestMethods(TestInvoker.java:146)
at org.testng.internal.TestMethodWorker.invokeTestMethods(TestMethodWorker.java:146)
at org.testng.internal.TestMethodWorker.run(TestMethodWorker.java:128)
at java.base/java.util.ArrayList.forEach(ArrayList.java:1596)
at org.testng.TestRunner.privateRun(TestRunner.java:794)
at org.testng.TestRunner.run(TestRunner.java:596)
at org.testng.SuiteRunner.runTest(SuiteRunner.java:377)
at org.testng.SuiteRunner.runSequentially(SuiteRunner.java:371)
at org.testng.SuiteRunner.privateRun(SuiteRunner.java:332)
at org.testng.SuiteRunner.run(SuiteRunner.java:276)
at org.testng.SuiteRunnerWorker.runSuite(SuiteRunnerWorker.java:53)
at org.testng.SuiteRunnerWorker.run(SuiteRunnerWorker.java:96)
at org.testng.TestNG.runSuitesSequentially(TestNG.java:1212)
at org.testng.TestNG.runSuitesLocally(TestNG.java:1134)
at org.testng.TestNG.runSuites(TestNG.java:1063)
at org.testng.TestNG.run(TestNG.java:1031)
at org.testng.remote.AbstractRemoteTestNG.run(AbstractRemoteTestNG.java:115)
at org.testng.remote.RemoteTestNG.initAndRun(RemoteTestNG.java:293)
at org.testng.remote.RemoteTestNG.main(RemoteTestNG.java:91)
]]>
            </full-stacktrace>
          </exception> <!-- org.openqa.selenium.NoSuchElementException -->
          <reporter-output>
          </reporter-output>
        </test-method> <!-- dataFail -->
        <test-method signature="homePageInformation()[pri:18, instance:Test.MainTest@10683d9d]" started-at="2025-04-11T05:32:08 ICT" name="homePageInformation" finished-at="2025-04-11T05:32:10 ICT" duration-ms="2126" status="PASS">
          <reporter-output>
          </reporter-output>
        </test-method> <!-- homePageInformation -->
        <test-method signature="openUserInfo()[pri:19, instance:Test.MainTest@10683d9d]" started-at="2025-04-11T05:32:10 ICT" name="openUserInfo" finished-at="2025-04-11T05:32:13 ICT" duration-ms="2317" status="PASS">
          <reporter-output>
          </reporter-output>
        </test-method> <!-- openUserInfo -->
        <test-method signature="updateUserInfoFail()[pri:20, instance:Test.MainTest@10683d9d]" started-at="2025-04-11T05:32:13 ICT" name="updateUserInfoFail" finished-at="2025-04-11T05:32:15 ICT" duration-ms="2487" status="FAIL">
          <exception class="org.openqa.selenium.NoSuchElementException">
            <message>
              <![CDATA[no such element: Unable to locate element: {"method":"xpath","selector":"/html/body/div[3]/div/div[6]/button[1]"}
  (Session info: chrome=135.0.7049.42)
For documentation on this error, please visit: http://seleniumhq.org/exceptions/no_such_element.html
Build info: version: '3.5.3', revision: 'a88d25fe6b', time: '2017-08-29T12:54:15.039Z'
System info: host: 'LAPTOP-229BQBGC', ip: '192.168.2.168', os.name: 'Windows 11', os.arch: 'amd64', os.version: '10.0', java.version: '21.0.5'
Driver info: org.openqa.selenium.chrome.ChromeDriver
Capabilities [{networkConnectionEnabled=false, chrome={chromedriverVersion=135.0.7049.42 (0f351bbd2617e0f775543271f34b7d241f8ebcdc-refs/branch-heads/7049@{#1349}), userDataDir=C:\Users\PC\AppData\Local\Temp\scoped_dir20768_1250986785}, timeouts={implicit=0, pageLoad=300000, script=30000}, pageLoadStrategy=normal, unhandledPromptBehavior=dismiss and notify, strictFileInteractability=false, platform=XP, proxy=Proxy(), webauthn:extension:minPinLength=true, goog:chromeOptions={debuggerAddress=localhost:55340}, webauthn:extension:credBlob=true, webauthn:extension:prf=true, acceptInsecureCerts=false, browserVersion=135.0.7049.42, fedcm:accounts=true, browserName=chrome, javascriptEnabled=true, platformName=XP, setWindowRect=true, webauthn:extension:largeBlob=true, webauthn:virtualAuthenticators=true}]
Session ID: c329f0dca09050f73cfa45ada54786e3
*** Element info: {Using=xpath, value=/html/body/div[3]/div/div[6]/button[1]}]]>
            </message>
            <full-stacktrace>
              <![CDATA[org.openqa.selenium.NoSuchElementException: no such element: Unable to locate element: {"method":"xpath","selector":"/html/body/div[3]/div/div[6]/button[1]"}
  (Session info: chrome=135.0.7049.42)
For documentation on this error, please visit: http://seleniumhq.org/exceptions/no_such_element.html
Build info: version: '3.5.3', revision: 'a88d25fe6b', time: '2017-08-29T12:54:15.039Z'
System info: host: 'LAPTOP-229BQBGC', ip: '192.168.2.168', os.name: 'Windows 11', os.arch: 'amd64', os.version: '10.0', java.version: '21.0.5'
Driver info: org.openqa.selenium.chrome.ChromeDriver
Capabilities [{networkConnectionEnabled=false, chrome={chromedriverVersion=135.0.7049.42 (0f351bbd2617e0f775543271f34b7d241f8ebcdc-refs/branch-heads/7049@{#1349}), userDataDir=C:\Users\PC\AppData\Local\Temp\scoped_dir20768_1250986785}, timeouts={implicit=0, pageLoad=300000, script=30000}, pageLoadStrategy=normal, unhandledPromptBehavior=dismiss and notify, strictFileInteractability=false, platform=XP, proxy=Proxy(), webauthn:extension:minPinLength=true, goog:chromeOptions={debuggerAddress=localhost:55340}, webauthn:extension:credBlob=true, webauthn:extension:prf=true, acceptInsecureCerts=false, browserVersion=135.0.7049.42, fedcm:accounts=true, browserName=chrome, javascriptEnabled=true, platformName=XP, setWindowRect=true, webauthn:extension:largeBlob=true, webauthn:virtualAuthenticators=true}]
Session ID: c329f0dca09050f73cfa45ada54786e3
*** Element info: {Using=xpath, value=/html/body/div[3]/div/div[6]/button[1]}
at java.base/jdk.internal.reflect.DirectConstructorHandleAccessor.newInstance(DirectConstructorHandleAccessor.java:62)
at java.base/java.lang.reflect.Constructor.newInstanceWithCaller(Constructor.java:502)
at java.base/java.lang.reflect.Constructor.newInstance(Constructor.java:486)
at org.openqa.selenium.remote.http.W3CHttpResponseCodec.createException(W3CHttpResponseCodec.java:185)
at org.openqa.selenium.remote.http.W3CHttpResponseCodec.decode(W3CHttpResponseCodec.java:120)
at org.openqa.selenium.remote.http.W3CHttpResponseCodec.decode(W3CHttpResponseCodec.java:49)
at org.openqa.selenium.remote.HttpCommandExecutor.execute(HttpCommandExecutor.java:164)
at org.openqa.selenium.remote.service.DriverCommandExecutor.execute(DriverCommandExecutor.java:82)
at org.openqa.selenium.remote.RemoteWebDriver.execute(RemoteWebDriver.java:646)
at org.openqa.selenium.remote.RemoteWebDriver.findElement(RemoteWebDriver.java:416)
at org.openqa.selenium.remote.RemoteWebDriver.findElementByXPath(RemoteWebDriver.java:518)
at org.openqa.selenium.By$ByXPath.findElement(By.java:361)
at org.openqa.selenium.remote.RemoteWebDriver.findElement(RemoteWebDriver.java:408)
at Function.UserInformation.updateUserInfoFromJson(UserInformation.java:71)
at Test.MainTest.updateUserInfoFail(MainTest.java:180)
at java.base/jdk.internal.reflect.DirectMethodHandleAccessor.invoke(DirectMethodHandleAccessor.java:103)
at java.base/java.lang.reflect.Method.invoke(Method.java:580)
at org.testng.internal.MethodInvocationHelper.invokeMethod(MethodInvocationHelper.java:133)
at org.testng.internal.TestInvoker.invokeMethod(TestInvoker.java:598)
at org.testng.internal.TestInvoker.invokeTestMethod(TestInvoker.java:173)
at org.testng.internal.MethodRunner.runInSequence(MethodRunner.java:46)
at org.testng.internal.TestInvoker$MethodInvocationAgent.invoke(TestInvoker.java:824)
at org.testng.internal.TestInvoker.invokeTestMethods(TestInvoker.java:146)
at org.testng.internal.TestMethodWorker.invokeTestMethods(TestMethodWorker.java:146)
at org.testng.internal.TestMethodWorker.run(TestMethodWorker.java:128)
at java.base/java.util.ArrayList.forEach(ArrayList.java:1596)
at org.testng.TestRunner.privateRun(TestRunner.java:794)
at org.testng.TestRunner.run(TestRunner.java:596)
at org.testng.SuiteRunner.runTest(SuiteRunner.java:377)
at org.testng.SuiteRunner.runSequentially(SuiteRunner.java:371)
at org.testng.SuiteRunner.privateRun(SuiteRunner.java:332)
at org.testng.SuiteRunner.run(SuiteRunner.java:276)
at org.testng.SuiteRunnerWorker.runSuite(SuiteRunnerWorker.java:53)
at org.testng.SuiteRunnerWorker.run(SuiteRunnerWorker.java:96)
at org.testng.TestNG.runSuitesSequentially(TestNG.java:1212)
at org.testng.TestNG.runSuitesLocally(TestNG.java:1134)
at org.testng.TestNG.runSuites(TestNG.java:1063)
at org.testng.TestNG.run(TestNG.java:1031)
at org.testng.remote.AbstractRemoteTestNG.run(AbstractRemoteTestNG.java:115)
at org.testng.remote.RemoteTestNG.initAndRun(RemoteTestNG.java:293)
at org.testng.remote.RemoteTestNG.main(RemoteTestNG.java:91)
]]>
            </full-stacktrace>
          </exception> <!-- org.openqa.selenium.NoSuchElementException -->
          <reporter-output>
          </reporter-output>
        </test-method> <!-- updateUserInfoFail -->
        <test-method signature="updateUserInfo()[pri:21, instance:Test.MainTest@10683d9d]" started-at="2025-04-11T05:32:15 ICT" name="updateUserInfo" finished-at="2025-04-11T05:32:18 ICT" duration-ms="2541" status="PASS">
          <reporter-output>
          </reporter-output>
        </test-method> <!-- updateUserInfo -->
        <test-method signature="homePagetimeAfter()[pri:22, instance:Test.MainTest@10683d9d]" started-at="2025-04-11T05:32:18 ICT" name="homePagetimeAfter" finished-at="2025-04-11T05:32:20 ICT" duration-ms="2266" status="PASS">
          <reporter-output>
          </reporter-output>
        </test-method> <!-- homePagetimeAfter -->
        <test-method signature="menuBarAfter()[pri:23, instance:Test.MainTest@10683d9d]" started-at="2025-04-11T05:32:20 ICT" name="menuBarAfter" finished-at="2025-04-11T05:32:21 ICT" duration-ms="1367" status="PASS">
          <reporter-output>
          </reporter-output>
        </test-method> <!-- menuBarAfter -->
        <test-method signature="testDropListHockyAfter()[pri:24, instance:Test.MainTest@10683d9d]" started-at="2025-04-11T05:32:21 ICT" name="testDropListHockyAfter" finished-at="2025-04-11T05:32:27 ICT" duration-ms="5299" status="PASS">
          <reporter-output>
          </reporter-output>
        </test-method> <!-- testDropListHockyAfter -->
        <test-method signature="selectBangBieuAfter()[pri:25, instance:Test.MainTest@10683d9d]" started-at="2025-04-11T05:32:27 ICT" name="selectBangBieuAfter" finished-at="2025-04-11T05:32:29 ICT" duration-ms="2118" status="PASS">
          <reporter-output>
          </reporter-output>
        </test-method> <!-- selectBangBieuAfter -->
        <test-method signature="displayTableAfter()[pri:26, instance:Test.MainTest@10683d9d]" started-at="2025-04-11T05:32:29 ICT" name="displayTableAfter" finished-at="2025-04-11T05:32:30 ICT" duration-ms="731" status="PASS">
          <reporter-output>
          </reporter-output>
        </test-method> <!-- displayTableAfter -->
        <test-method is-config="true" signature="closeBrowserTest()[pri:0, instance:Test.MainTest@10683d9d]" started-at="2025-04-11T05:32:30 ICT" name="closeBrowserTest" finished-at="2025-04-11T05:32:30 ICT" duration-ms="263" status="PASS">
          <reporter-output>
          </reporter-output>
        </test-method> <!-- closeBrowserTest -->
      </class> <!-- Test.MainTest -->
    </test> <!-- Default test -->
  </suite> <!-- Default suite -->
</testng-results>
